2021-06-23 12:13:50,790 INFO _get_response method is loading
2021-06-23 12:13:50,790 INFO _get_response method is loading done
2021-06-23 12:13:51,910 INFO _get_response method is loading
2021-06-23 12:13:51,910 INFO _get_response method is loading done
2021-06-23 12:16:10,423 INFO home method is loading
2021-06-23 12:16:10,423 INFO home method is loading done
2021-06-23 12:16:11,149 INFO home method is loading
2021-06-23 12:16:11,149 INFO home method is loading done
2021-06-23 12:17:21,658 INFO home method is loading
2021-06-23 12:17:21,658 INFO home method is loading done
2021-06-23 12:17:33,060 INFO home method is loading
2021-06-23 12:17:33,060 INFO home method is loading done
2021-06-23 12:24:52,300 INFO contact method is loading
2021-06-23 12:24:52,303 INFO contact method is loading done
2021-06-23 12:25:20,601 INFO contact method is loading
2021-06-23 12:25:55,065 INFO about method is loading
2021-06-23 12:25:55,065 INFO about method is loading done
2021-06-23 12:25:55,816 INFO contact method is loading
2021-06-23 12:25:55,816 INFO contact method is loading done
2021-06-23 12:31:57,533 INFO home method is loading
2021-06-23 12:31:57,534 INFO home method is loading done
2021-06-23 12:32:10,714 INFO home method is loading
2021-06-23 12:32:10,714 INFO home method is loading done
2021-06-23 12:32:26,905 INFO home method is loading
2021-06-23 12:32:26,905 INFO home method is loading done
2021-06-23 12:32:37,436 INFO home method is loading
2021-06-23 12:32:37,437 INFO home method is loading done
2021-06-23 12:34:08,106 INFO home method is loading
2021-06-23 12:34:08,106 INFO home method is loading done
2021-06-23 12:34:09,259 INFO home method is loading
2021-06-23 12:34:09,260 INFO home method is loading done
2021-06-23 12:34:10,141 INFO about method is loading
2021-06-23 12:34:10,141 INFO about method is loading done
2021-06-23 12:34:12,783 INFO home method is loading
2021-06-23 12:34:12,784 INFO home method is loading done
2021-06-23 12:34:49,752 INFO contact method is loading
2021-06-23 12:34:49,752 INFO contact method is loading done
2021-06-23 12:34:51,560 INFO about method is loading
2021-06-23 12:34:51,560 INFO about method is loading done
2021-06-23 12:35:16,848 INFO contact method is loading
2021-06-23 12:35:16,848 INFO contact method is loading done
2021-06-23 12:35:18,294 INFO about method is loading
2021-06-23 12:35:18,294 INFO about method is loading done
2021-06-23 12:35:58,440 INFO about method is loading
2021-06-23 12:35:58,440 INFO about method is loading done
2021-06-23 12:36:01,073 INFO contact method is loading
2021-06-23 12:36:01,073 INFO contact method is loading done
2021-06-23 12:36:01,836 INFO about method is loading
2021-06-23 12:36:01,837 INFO about method is loading done
2021-06-23 12:36:02,364 INFO home method is loading
2021-06-23 12:36:02,364 INFO home method is loading done
2021-06-23 12:36:06,244 INFO home method is loading
2021-06-23 12:36:06,244 INFO home method is loading done
2021-06-23 12:37:30,704 INFO contact method is loading
2021-06-23 12:37:30,704 INFO contact method is loading done
2021-06-23 12:37:31,285 INFO about method is loading
2021-06-23 12:37:31,285 INFO about method is loading done
2021-06-23 12:37:31,741 INFO home method is loading
2021-06-23 12:37:31,741 INFO home method is loading done
2021-06-23 12:37:53,531 INFO home method is loading
2021-06-23 12:37:53,532 INFO home method is loading done
2021-06-23 12:37:55,154 INFO home method is loading
2021-06-23 12:37:55,154 INFO home method is loading done
2021-06-23 12:37:56,629 INFO about method is loading
2021-06-23 12:37:56,629 INFO about method is loading done
2021-06-23 12:37:57,599 INFO home method is loading
2021-06-23 12:37:57,599 INFO home method is loading done
2021-06-23 12:38:00,862 INFO contact method is loading
2021-06-23 12:38:00,862 INFO contact method is loading done
2021-06-23 12:38:02,011 INFO home method is loading
2021-06-23 12:38:02,011 INFO home method is loading done
2021-06-23 12:38:02,707 INFO home method is loading
2021-06-23 12:38:02,707 INFO home method is loading done
2021-06-23 12:38:03,335 INFO home method is loading
2021-06-23 12:38:03,335 INFO home method is loading done
2021-06-23 12:38:03,861 INFO about method is loading
2021-06-23 12:38:03,861 INFO about method is loading done
2021-06-23 12:38:04,402 INFO contact method is loading
2021-06-23 12:38:04,402 INFO contact method is loading done
2021-06-23 12:41:03,380 INFO login method is loading
2021-06-23 12:41:03,381 INFO login method is loading done
2021-06-23 12:41:14,106 INFO contact method is loading
2021-06-23 12:41:14,106 INFO contact method is loading done
2021-06-23 12:51:31,406 INFO register method is loading
2021-06-23 12:51:31,406 INFO register method is loading done
2021-06-23 12:53:13,230 INFO register method is loading
2021-06-23 12:53:13,580 INFO login method is loading
2021-06-23 12:53:13,581 INFO login method is loading done
2021-06-23 12:53:16,201 INFO register method is loading
2021-06-23 12:53:16,201 INFO register method is loading done
2021-06-23 12:53:30,694 INFO register method is loading
2021-06-23 12:53:30,700 INFO register method is loading done
2021-06-23 12:54:42,857 INFO register method is loading
2021-06-23 12:54:42,864 INFO register method is loading done
2021-06-23 12:55:52,703 INFO register method is loading
2021-06-23 12:55:52,710 INFO register method is loading done
2021-06-23 12:56:49,744 INFO register method is loading
2021-06-23 12:56:49,751 INFO register method is loading done
2021-06-23 12:58:24,048 INFO register method is loading
2021-06-23 12:58:24,053 INFO register method is loading done
2021-06-23 12:59:03,275 INFO register method is loading
2021-06-23 12:59:03,281 INFO register method is loading done
2021-06-23 12:59:25,894 INFO register method is loading
2021-06-23 12:59:25,894 INFO register method is loading done
2021-06-23 12:59:40,515 INFO register method is loading
2021-06-23 12:59:40,780 INFO login method is loading
2021-06-23 12:59:40,780 INFO login method is loading done
2021-06-23 12:59:42,999 INFO register method is loading
2021-06-23 12:59:42,999 INFO register method is loading done
2021-06-23 13:00:23,512 INFO login method is loading
2021-06-23 13:00:23,512 INFO login method is loading done
2021-06-23 13:06:34,748 INFO login method is loading
2021-06-23 13:06:34,748 INFO login method is loading done
2021-06-23 13:07:09,123 INFO login method is loading
2021-06-23 13:07:09,123 INFO login method is loading done
2021-06-23 13:07:55,371 INFO login method is loading
2021-06-23 13:07:55,372 INFO login method is loading done
2021-06-23 13:08:23,937 INFO login method is loading
2021-06-23 13:08:23,937 INFO login method is loading done
2021-06-23 13:08:46,358 INFO login method is loading
2021-06-23 13:08:46,359 INFO login method is loading done
2021-06-23 13:09:17,842 INFO login method is loading
2021-06-23 13:09:17,843 INFO login method is loading done
2021-06-23 13:09:34,110 INFO login method is loading
2021-06-23 13:09:34,110 INFO login method is loading done
2021-06-23 13:11:36,007 INFO login method is loading
2021-06-23 13:11:36,008 INFO login method is loading done
2021-06-23 13:12:03,309 INFO login method is loading
2021-06-23 13:12:03,309 INFO login method is loading done
2021-06-23 13:12:10,053 INFO login method is loading
2021-06-23 13:12:10,054 INFO login method is loading done
2021-06-23 13:12:35,365 INFO login method is loading
2021-06-23 13:12:35,365 INFO login method is loading done
2021-06-23 13:20:52,930 INFO login method is loading
2021-06-23 13:20:52,931 INFO login method is loading done
2021-06-23 13:20:54,985 INFO login method is loading
2021-06-23 13:21:54,570 INFO login method is loading
2021-06-23 13:21:54,570 INFO login method is loading done
2021-06-23 13:21:56,203 INFO login method is loading
2021-06-23 13:21:56,204 ERROR object of type 'NoneType' has no len()
2021-06-23 13:21:56,204 INFO login method is loading done
2021-06-23 13:21:57,352 INFO login method is loading
2021-06-23 13:21:57,352 ERROR object of type 'NoneType' has no len()
2021-06-23 13:21:57,352 INFO login method is loading done
2021-06-23 13:22:45,634 INFO login method is loading
2021-06-23 13:22:45,635 ERROR object of type 'NoneType' has no len()
2021-06-23 13:22:45,635 INFO login method is loading done
2021-06-23 13:22:47,207 INFO login method is loading
2021-06-23 13:22:47,208 ERROR object of type 'NoneType' has no len()
2021-06-23 13:22:47,208 INFO login method is loading done
2021-06-23 13:23:02,197 INFO login method is loading
2021-06-23 13:23:02,197 ERROR object of type 'NoneType' has no len()
2021-06-23 13:23:02,197 INFO login method is loading done
2021-06-23 13:23:36,633 INFO login method is loading
2021-06-23 13:23:36,633 ERROR object of type 'NoneType' has no len()
2021-06-23 13:23:36,633 INFO login method is loading done
2021-06-23 13:24:26,622 INFO login method is loading
2021-06-23 13:24:26,622 ERROR object of type 'NoneType' has no len()
2021-06-23 13:24:26,622 INFO login method is loading done
2021-06-23 13:24:39,027 INFO login method is loading
2021-06-23 13:24:39,028 ERROR object of type 'NoneType' has no len()
2021-06-23 13:24:39,028 INFO login method is loading done
2021-06-23 13:26:50,619 INFO login method is loading
2021-06-23 13:26:50,628 INFO login method is loading done
2021-06-23 13:27:07,709 INFO login method is loading
2021-06-23 13:27:07,709 INFO login method is loading done
2021-06-23 13:27:10,593 INFO login method is loading
2021-06-23 13:27:10,599 INFO login method is loading done
2021-06-23 13:29:09,393 INFO login method is loading
2021-06-23 13:29:09,394 INFO login method is loading done
2021-06-23 13:29:20,959 INFO login method is loading
2021-06-23 13:29:21,340 INFO home method is loading
2021-06-23 13:29:21,340 INFO home method is loading done
2021-06-23 13:29:24,281 INFO logout method is loading
2021-06-23 13:29:24,352 INFO logout method is loading done
2021-06-23 13:29:24,360 INFO home method is loading
2021-06-23 13:29:24,360 INFO home method is loading done
2021-06-23 13:29:25,753 INFO login method is loading
2021-06-23 13:29:25,753 INFO login method is loading done
2021-06-23 13:29:37,519 INFO login method is loading
2021-06-23 13:29:37,645 INFO login method is loading done
2021-06-23 13:29:56,180 INFO login method is loading
2021-06-23 13:29:56,311 INFO login method is loading done
2021-06-23 13:30:15,146 INFO login method is loading
2021-06-23 13:30:15,270 INFO login method is loading done
2021-06-23 13:31:03,330 INFO login method is loading
2021-06-23 13:31:03,467 INFO login method is loading done
2021-06-23 13:31:12,077 INFO login method is loading
2021-06-23 13:31:12,203 INFO login method is loading done
2021-06-23 13:32:39,291 INFO login method is loading
2021-06-23 13:32:39,291 ERROR name 'User' is not defined
2021-06-23 13:32:39,292 INFO login method is loading done
2021-06-23 13:33:09,319 INFO login method is loading
2021-06-23 13:33:09,320 ERROR name 'User' is not defined
2021-06-23 13:33:09,320 INFO login method is loading done
2021-06-23 13:33:12,945 INFO login method is loading
2021-06-23 13:33:12,945 ERROR name 'User' is not defined
2021-06-23 13:33:12,945 INFO login method is loading done
2021-06-23 13:33:30,774 INFO login method is loading
2021-06-23 13:33:30,782 INFO login method is loading done
2021-06-23 13:33:47,662 INFO login method is loading
2021-06-23 13:33:47,809 INFO login method is loading done
2021-06-23 13:33:50,607 INFO login method is loading
2021-06-23 13:33:50,612 INFO login method is loading done
2021-06-23 13:33:55,220 INFO login method is loading
2021-06-23 13:33:55,220 INFO login method is loading done
2021-06-23 13:35:34,930 INFO login method is loading
2021-06-23 13:35:34,930 INFO login method is loading done
2021-06-23 13:35:38,256 INFO login method is loading
2021-06-23 13:35:38,263 INFO login method is loading done
2021-06-23 13:37:16,342 INFO contact method is loading
2021-06-23 13:37:16,343 INFO contact method is loading done
2021-06-23 13:38:22,779 INFO register method is loading
2021-06-23 13:38:22,779 INFO register method is loading done
2021-06-23 13:38:26,856 INFO login method is loading
2021-06-23 13:38:26,856 INFO login method is loading done
2021-06-23 13:38:32,489 INFO login method is loading
2021-06-23 13:38:32,992 INFO home method is loading
2021-06-23 13:38:32,992 INFO home method is loading done
2021-06-23 13:40:11,401 INFO logout method is loading
2021-06-23 13:40:11,477 INFO logout method is loading done
2021-06-23 13:40:11,504 INFO home method is loading
2021-06-23 13:40:11,504 INFO home method is loading done
2021-06-23 19:48:03,196 INFO home method is loading
2021-06-23 19:48:03,205 INFO home method is loading done
2021-06-23 19:48:12,388 INFO home method is loading
2021-06-23 19:48:12,388 INFO home method is loading done
2021-06-23 19:48:19,178 INFO about method is loading
2021-06-23 19:48:19,179 INFO about method is loading done
2021-06-23 19:48:21,319 INFO contact method is loading
2021-06-23 19:48:21,320 INFO contact method is loading done
2021-06-23 19:48:25,755 INFO login method is loading
2021-06-23 19:48:25,756 INFO login method is loading done
2021-06-23 19:48:44,594 INFO login method is loading
2021-06-23 19:48:44,595 INFO login method is loading done
2021-06-23 19:49:27,776 INFO login method is loading
2021-06-23 19:49:29,367 INFO login method is loading done
2021-06-23 19:49:54,684 INFO login method is loading
2021-06-23 19:49:54,960 INFO login method is loading done
2021-06-23 19:51:47,724 INFO login method is loading
2021-06-23 19:51:52,770 INFO home method is loading
2021-06-23 19:51:52,771 INFO home method is loading done
2021-06-23 19:52:31,539 INFO logout method is loading
2021-06-23 19:52:32,026 INFO logout method is loading done
2021-06-23 19:52:32,035 INFO home method is loading
2021-06-23 19:52:32,035 INFO home method is loading done
2021-06-23 19:52:33,059 INFO register method is loading
2021-06-23 19:52:33,060 INFO register method is loading done
2021-06-23 22:53:17,759 INFO contact method is loading
2021-06-23 22:53:17,847 INFO contact method is loading done
2021-06-23 22:53:52,068 INFO contact method is loading
2021-06-23 22:53:56,068 ERROR (1146, "Table 'first.email' doesn't exist")
2021-06-23 22:53:56,076 INFO contact method is loading done
2021-06-23 22:54:00,657 INFO about method is loading
2021-06-23 22:54:00,657 INFO about method is loading done
2021-06-23 23:02:12,245 INFO about method is loading
2021-06-23 23:02:12,245 INFO about method is loading done
2021-06-23 23:02:14,242 INFO contact method is loading
2021-06-23 23:02:14,242 INFO contact method is loading done
2021-06-23 23:02:27,279 INFO contact method is loading
2021-06-23 23:05:02,836 INFO contact method is loading
2021-06-23 23:05:30,491 INFO contact method is loading
2021-06-23 23:05:46,020 INFO contact method is loading
2021-06-23 23:05:46,020 INFO contact method is loading done
2021-06-23 23:09:50,462 INFO about method is loading
2021-06-23 23:09:50,462 INFO about method is loading done
2021-06-23 23:09:51,497 INFO contact method is loading
2021-06-23 23:09:51,497 INFO contact method is loading done
2021-06-23 23:15:21,121 INFO login method is loading
2021-06-23 23:15:21,121 INFO login method is loading done
2021-06-23 23:31:36,420 INFO contact method is loading
2021-06-23 23:31:36,420 INFO contact method is loading done
2021-06-24 00:24:38,610 INFO contact method is loading
2021-06-24 00:24:38,610 INFO contact method is loading done
2021-06-24 00:34:15,032 INFO contact method is loading
2021-06-24 00:34:15,032 INFO contact method is loading done
2021-06-24 00:34:22,585 INFO contact method is loading
2021-06-24 00:34:22,585 INFO contact method is loading done
2021-06-24 00:34:25,264 INFO contact method is loading
2021-06-24 00:34:25,264 INFO contact method is loading done
2021-06-24 00:38:57,207 INFO contact method is loading
2021-06-24 00:38:57,207 INFO contact method is loading done
2021-06-24 08:36:42,486 INFO home method is loading
2021-06-24 08:36:42,506 INFO home method is loading done
2021-06-24 08:36:44,216 INFO contact method is loading
2021-06-24 08:36:44,475 INFO contact method is loading done
2021-06-24 08:39:44,904 INFO contact method is loading
2021-06-24 08:39:44,905 INFO contact method is loading done
2021-06-24 08:39:49,072 INFO register method is loading
2021-06-24 08:39:49,073 INFO register method is loading done
2021-06-24 08:41:59,752 INFO register method is loading
2021-06-24 08:41:59,766 INFO register method is loading done
2021-06-24 08:42:34,757 INFO register method is loading
2021-06-24 08:42:37,898 INFO home method is loading
2021-06-24 08:42:37,899 INFO home method is loading done
2021-06-24 08:44:19,465 INFO home method is loading
2021-06-24 08:44:19,465 INFO home method is loading done
2021-06-24 08:45:11,908 INFO home method is loading
2021-06-24 08:45:11,909 INFO home method is loading done
2021-06-24 08:45:35,371 INFO home method is loading
2021-06-24 08:45:35,372 INFO home method is loading done
2021-06-24 08:45:37,344 INFO contact method is loading
2021-06-24 08:45:37,345 INFO contact method is loading done
2021-06-24 08:45:39,485 INFO register method is loading
2021-06-24 08:45:39,486 INFO register method is loading done
2021-06-24 08:46:37,546 INFO register method is loading
2021-06-24 08:46:40,935 INFO home method is loading
2021-06-24 08:46:40,935 INFO home method is loading done
2021-06-24 08:47:55,321 INFO home method is loading
2021-06-24 08:47:55,322 INFO home method is loading done
2021-06-24 08:47:57,394 INFO register method is loading
2021-06-24 08:47:57,394 INFO register method is loading done
2021-06-24 08:48:32,450 INFO register method is loading
2021-06-24 08:48:34,962 INFO home method is loading
2021-06-24 08:48:35,049 INFO home method is loading done
2021-06-24 08:49:07,164 INFO register method is loading
2021-06-24 08:49:07,165 INFO register method is loading done
2021-06-24 08:49:17,968 INFO login method is loading
2021-06-24 08:49:17,969 INFO login method is loading done
2021-06-24 08:49:27,344 INFO login method is loading
2021-06-24 08:49:29,257 INFO home method is loading
2021-06-24 08:49:29,257 INFO home method is loading done
2021-06-24 08:49:32,907 INFO register method is loading
2021-06-24 08:49:32,907 INFO register method is loading done
2021-06-24 08:50:13,790 INFO register method is loading
2021-06-24 08:50:13,791 INFO register method is loading done
2021-06-24 08:50:27,224 INFO contact method is loading
2021-06-24 08:50:27,226 INFO contact method is loading done
2021-06-24 08:50:29,069 INFO about method is loading
2021-06-24 08:50:29,069 INFO about method is loading done
2021-06-24 08:54:44,514 INFO about method is loading
2021-06-24 08:54:44,515 INFO about method is loading done
2021-06-24 08:54:45,788 INFO contact method is loading
2021-06-24 08:54:45,789 INFO contact method is loading done
2021-06-24 08:55:14,602 INFO contact method is loading
2021-06-24 08:55:14,603 INFO contact method is loading done
2021-06-24 08:57:26,919 INFO contact method is loading
2021-06-24 08:57:26,928 ERROR super(type, obj): obj must be an instance or subtype of type
2021-06-24 08:57:26,929 INFO contact method is loading done
2021-06-24 08:57:33,252 INFO contact method is loading
2021-06-24 08:57:33,256 ERROR super(type, obj): obj must be an instance or subtype of type
2021-06-24 08:57:33,257 INFO contact method is loading done
2021-06-24 09:14:41,531 INFO contact method is loading
2021-06-24 09:14:41,543 ERROR super(type, obj): obj must be an instance or subtype of type
2021-06-24 09:14:41,543 INFO contact method is loading done
2021-06-24 09:14:48,351 INFO contact method is loading
2021-06-24 09:14:48,355 ERROR super(type, obj): obj must be an instance or subtype of type
2021-06-24 09:14:48,355 INFO contact method is loading done
2021-06-24 09:15:03,327 INFO contact method is loading
2021-06-24 09:15:03,327 ERROR super(type, obj): obj must be an instance or subtype of type
2021-06-24 09:15:03,327 INFO contact method is loading done
2021-06-24 09:15:54,266 INFO contact method is loading
2021-06-24 09:15:54,274 ERROR super(type, obj): obj must be an instance or subtype of type
2021-06-24 09:15:54,274 INFO contact method is loading done
2021-06-24 09:15:57,618 INFO contact method is loading
2021-06-24 09:15:57,618 ERROR super(type, obj): obj must be an instance or subtype of type
2021-06-24 09:15:57,618 INFO contact method is loading done
2021-06-24 09:17:06,475 INFO contact method is loading
2021-06-24 09:17:55,797 INFO contact method is loading
2021-06-24 09:17:55,801 INFO contact method is loading done
2021-06-24 09:20:32,317 INFO contact method is loading
2021-06-24 09:20:32,317 INFO contact method is loading done
2021-06-24 09:22:02,608 INFO contact method is loading
2021-06-24 09:22:02,608 INFO contact method is loading done
2021-06-24 09:22:35,215 INFO contact method is loading
2021-06-24 09:22:35,279 INFO contact method is loading done
2021-06-24 09:22:52,447 INFO contact method is loading
2021-06-24 09:23:27,837 INFO contact method is loading
2021-06-24 09:23:27,837 INFO contact method is loading done
2021-06-24 09:24:45,027 INFO contact method is loading
2021-06-24 09:24:45,031 INFO contact method is loading done
2021-06-24 09:25:07,251 INFO contact method is loading
2021-06-24 09:25:07,347 INFO contact method is loading done
2021-06-24 09:25:20,771 INFO contact method is loading
2021-06-24 13:02:43,452 INFO contact method is loading
2021-06-24 13:02:43,884 INFO contact method is loading done
2021-06-24 13:03:01,928 INFO contact method is loading
2021-06-24 13:03:02,572 INFO contact method is loading done
2021-06-24 13:03:54,432 INFO contact method is loading
2021-06-24 13:03:54,572 INFO contact method is loading done
2021-06-24 13:05:41,626 INFO contact method is loading
2021-06-24 13:05:41,698 INFO contact method is loading done
2021-06-24 13:05:50,464 INFO logout method is loading
2021-06-24 13:05:52,292 INFO logout method is loading done
2021-06-24 13:05:52,376 INFO home method is loading
2021-06-24 13:05:52,376 INFO home method is loading done
2021-06-24 13:06:30,178 INFO home method is loading
2021-06-24 13:06:30,182 INFO home method is loading done
2021-06-24 13:07:44,838 INFO home method is loading
2021-06-24 13:07:44,838 INFO home method is loading done
2021-06-24 13:08:13,174 INFO home method is loading
2021-06-24 13:08:13,174 INFO home method is loading done
2021-06-24 13:08:33,390 INFO home method is loading
2021-06-24 13:08:33,390 INFO home method is loading done
2021-06-24 13:08:36,398 INFO register method is loading
2021-06-24 13:08:36,398 INFO register method is loading done
2021-06-24 13:08:40,881 INFO login method is loading
2021-06-24 13:08:40,882 INFO login method is loading done
2021-06-24 13:08:49,498 INFO login method is loading
2021-06-24 13:08:52,920 INFO home method is loading
2021-06-24 13:08:52,920 INFO home method is loading done
2021-06-24 13:09:40,726 INFO home method is loading
2021-06-24 13:09:40,726 INFO home method is loading done
2021-06-24 13:10:08,762 INFO home method is loading
2021-06-24 13:10:08,762 INFO home method is loading done
2021-06-24 13:10:18,150 INFO home method is loading
2021-06-24 13:10:18,150 INFO home method is loading done
2021-06-24 13:10:20,130 INFO about method is loading
2021-06-24 13:10:20,130 INFO about method is loading done
2021-06-24 13:10:21,366 INFO contact method is loading
2021-06-24 13:10:21,370 INFO contact method is loading done
2021-06-24 13:10:35,441 INFO contact method is loading
2021-06-24 13:10:35,441 INFO contact method is loading done
2021-06-24 13:11:32,942 INFO contact method is loading
2021-06-24 13:11:32,942 INFO contact method is loading done
2021-06-24 13:11:39,918 INFO logout method is loading
2021-06-24 13:11:40,290 INFO logout method is loading done
2021-06-24 13:11:40,302 INFO home method is loading
2021-06-24 13:11:40,302 INFO home method is loading done
2021-06-24 13:12:58,538 INFO home method is loading
2021-06-24 13:12:58,542 INFO home method is loading done
2021-06-24 13:13:00,594 INFO register method is loading
2021-06-24 13:13:00,598 INFO register method is loading done
2021-06-24 13:13:02,834 INFO login method is loading
2021-06-24 13:13:02,834 INFO login method is loading done
2021-06-24 13:13:09,822 INFO login method is loading
2021-06-24 13:13:12,250 INFO home method is loading
2021-06-24 13:13:12,250 INFO home method is loading done
2021-06-24 13:13:35,524 INFO home method is loading
2021-06-24 13:13:35,524 INFO home method is loading done
2021-06-24 13:21:09,671 INFO home method is loading
2021-06-24 13:21:09,671 INFO home method is loading done
2021-06-24 13:21:11,503 INFO register method is loading
2021-06-24 13:21:11,503 INFO register method is loading done
2021-06-24 13:23:48,178 INFO register method is loading
2021-06-24 13:23:48,178 INFO register method is loading done
2021-06-24 13:23:50,030 INFO login method is loading
2021-06-24 13:23:50,030 INFO login method is loading done
2021-06-24 13:23:50,278 INFO login method is loading
2021-06-24 13:23:50,282 INFO login method is loading done
2021-06-24 13:23:57,700 INFO login method is loading
2021-06-24 13:23:59,596 INFO home method is loading
2021-06-24 13:23:59,596 INFO home method is loading done
2021-06-24 13:25:45,582 INFO home method is loading
2021-06-24 13:25:45,582 INFO home method is loading done
2021-06-24 13:25:47,271 INFO register method is loading
2021-06-24 13:25:47,272 INFO register method is loading done
2021-06-24 13:29:33,033 INFO register method is loading
2021-06-24 13:29:33,033 INFO register method is loading done
2021-06-24 13:31:12,378 INFO register method is loading
2021-06-24 13:31:13,516 INFO home method is loading
2021-06-24 13:31:13,516 INFO home method is loading done
2021-06-24 13:31:32,370 INFO login method is loading
2021-06-24 13:31:32,370 INFO login method is loading done
2021-06-24 13:31:42,331 INFO login method is loading
2021-06-24 13:31:44,115 INFO home method is loading
2021-06-24 13:31:44,115 INFO home method is loading done
2021-06-24 13:32:01,505 INFO register method is loading
2021-06-24 13:32:01,505 INFO register method is loading done
2021-06-24 13:33:05,764 INFO register method is loading
2021-06-24 13:33:05,764 INFO register method is loading done
2021-06-24 13:33:38,982 INFO register method is loading
2021-06-24 13:33:39,830 ERROR module 'django.contrib.auth' has no attribute 'register'
2021-06-24 13:33:39,834 INFO register method is loading done
2021-06-24 13:33:57,439 INFO register method is loading
2021-06-24 13:33:57,548 INFO register method is loading done
2021-06-24 13:34:08,748 INFO home method is loading
2021-06-24 13:34:08,749 INFO home method is loading done
2021-06-24 13:35:02,370 INFO home method is loading
2021-06-24 13:35:02,370 INFO home method is loading done
2021-06-24 13:35:43,263 INFO logout method is loading
2021-06-24 13:35:43,471 INFO logout method is loading done
2021-06-24 13:35:43,479 INFO home method is loading
2021-06-24 13:35:43,479 INFO home method is loading done
2021-06-24 13:35:44,939 INFO register method is loading
2021-06-24 13:35:44,939 INFO register method is loading done
2021-06-24 13:36:19,199 INFO register method is loading
2021-06-24 13:36:19,987 ERROR module 'django.contrib.auth' has no attribute 'register'
2021-06-24 13:36:19,987 INFO register method is loading done
2021-06-24 13:36:34,151 INFO register method is loading
2021-06-24 13:36:34,223 INFO register method is loading done
2021-06-24 13:36:50,967 INFO login method is loading
2021-06-24 13:36:50,971 INFO login method is loading done
2021-06-24 13:36:59,710 INFO login method is loading
2021-06-24 13:37:02,074 INFO home method is loading
2021-06-24 13:37:02,078 INFO home method is loading done
2021-06-24 13:37:18,609 INFO contact method is loading
2021-06-24 13:37:18,609 INFO contact method is loading done
2021-06-24 13:37:40,054 INFO contact method is loading
2021-06-24 13:37:40,058 INFO contact method is loading done
2021-06-24 13:37:46,670 INFO home method is loading
2021-06-24 13:37:46,670 INFO home method is loading done
2021-06-24 13:39:16,238 INFO logout method is loading
2021-06-24 13:39:16,518 INFO logout method is loading done
2021-06-24 13:39:16,526 INFO home method is loading
2021-06-24 13:39:16,526 INFO home method is loading done
2021-06-24 13:39:17,430 INFO register method is loading
2021-06-24 13:39:17,430 INFO register method is loading done
2021-06-24 13:44:05,147 INFO register method is loading
2021-06-24 13:44:05,147 INFO register method is loading done
2021-06-24 13:44:07,615 INFO register method is loading
2021-06-24 13:44:07,615 INFO register method is loading done
2021-06-24 13:53:10,258 INFO register method is loading
2021-06-24 13:53:10,258 INFO register method is loading done
2021-06-24 13:53:12,413 INFO register method is loading
2021-06-24 13:53:12,413 INFO register method is loading done
2021-06-24 13:57:07,904 INFO register method is loading
2021-06-24 13:57:07,905 INFO register method is loading done
2021-06-24 13:57:11,075 INFO register method is loading
2021-06-24 13:57:11,076 INFO register method is loading done
2021-06-24 13:57:14,433 INFO login method is loading
2021-06-24 13:57:14,434 INFO login method is loading done
2021-06-24 13:57:18,526 INFO register method is loading
2021-06-24 13:57:18,526 INFO register method is loading done
2021-06-24 13:58:19,211 INFO register method is loading
2021-06-24 13:58:19,212 INFO register method is loading done
2021-06-24 13:58:20,666 INFO register method is loading
2021-06-24 13:58:20,666 INFO register method is loading done
2021-06-24 13:58:56,398 INFO register method is loading
2021-06-24 13:58:56,399 INFO register method is loading done
2021-06-24 13:58:57,769 INFO contact method is loading
2021-06-24 13:58:57,770 INFO contact method is loading done
2021-06-24 13:59:02,248 INFO register method is loading
2021-06-24 13:59:02,248 INFO register method is loading done
2021-06-24 13:59:43,345 INFO register method is loading
2021-06-24 13:59:43,345 INFO register method is loading done
2021-06-24 13:59:44,844 INFO register method is loading
2021-06-24 13:59:44,844 INFO register method is loading done
2021-06-24 14:05:36,563 INFO register method is loading
2021-06-24 14:05:36,563 INFO register method is loading done
2021-06-24 14:05:39,562 INFO register method is loading
2021-06-24 14:05:39,563 INFO register method is loading done
2021-06-24 14:11:53,914 INFO register method is loading
2021-06-24 14:11:53,915 INFO register method is loading done
2021-06-24 14:12:13,475 INFO register method is loading
2021-06-24 14:12:13,476 INFO register method is loading done
2021-06-24 14:12:17,478 INFO login method is loading
2021-06-24 14:12:17,479 INFO login method is loading done
2021-06-24 14:12:21,408 INFO contact method is loading
2021-06-24 14:12:21,408 INFO contact method is loading done
2021-06-24 14:12:59,275 INFO contact method is loading
2021-06-24 14:12:59,276 INFO contact method is loading done
2021-06-24 14:13:00,485 INFO contact method is loading
2021-06-24 14:13:00,486 INFO contact method is loading done
2021-06-24 14:13:02,873 INFO login method is loading
2021-06-24 14:13:02,873 INFO login method is loading done
2021-06-24 14:13:05,769 INFO register method is loading
2021-06-24 14:13:05,770 INFO register method is loading done
2021-06-24 14:14:41,672 INFO register method is loading
2021-06-24 14:14:41,672 INFO register method is loading done
2021-06-24 14:15:54,548 INFO register method is loading
2021-06-24 14:15:54,549 INFO register method is loading done
2021-06-24 14:26:10,760 INFO register method is loading
2021-06-24 14:26:10,761 INFO register method is loading done
2021-06-24 15:26:25,125 INFO register method is loading
2021-06-24 15:26:25,167 INFO register method is loading done
2021-06-24 15:34:26,736 INFO register method is loading
2021-06-24 15:34:26,736 INFO register method is loading done
2021-06-24 15:34:54,015 INFO register method is loading
2021-06-24 15:34:54,016 INFO register method is loading done
2021-06-24 15:34:55,865 INFO home method is loading
2021-06-24 15:34:55,865 INFO home method is loading done
2021-06-24 15:34:57,396 INFO about method is loading
2021-06-24 15:34:57,397 INFO about method is loading done
2021-06-24 15:34:58,533 INFO contact method is loading
2021-06-24 15:34:58,534 INFO contact method is loading done
2021-06-24 15:35:20,750 INFO contact method is loading
2021-06-24 15:35:21,028 INFO contact method is loading done
2021-06-24 15:35:50,068 INFO contact method is loading
2021-06-24 15:35:50,071 INFO contact method is loading done
2021-06-24 15:36:00,247 INFO contact method is loading
2021-06-24 15:36:09,741 INFO register method is loading
2021-06-24 15:36:09,741 INFO register method is loading done
2021-06-24 15:36:54,441 INFO register method is loading
2021-06-24 15:36:55,511 ERROR module 'django.contrib.auth' has no attribute 'register'
2021-06-24 15:36:55,512 INFO register method is loading done
2021-06-24 15:37:58,295 INFO register method is loading
2021-06-24 15:37:58,319 INFO register method is loading done
2021-06-24 15:38:54,140 INFO register method is loading
2021-06-24 15:38:55,173 ERROR (1062, "Duplicate entry 'Mani' for key 'auth_user.username'")
2021-06-24 15:38:55,173 INFO register method is loading done
2021-06-24 15:39:12,673 INFO register method is loading
2021-06-24 15:39:13,539 INFO login method is loading
2021-06-24 15:39:13,541 INFO login method is loading done
2021-06-24 15:39:25,116 INFO login method is loading
2021-06-24 15:39:26,984 INFO home method is loading
2021-06-24 15:39:26,984 INFO home method is loading done
2021-06-24 15:54:17,449 INFO contact method is loading
2021-06-24 15:54:17,449 INFO contact method is loading done
2021-06-24 15:54:21,081 INFO contact method is loading
2021-06-24 15:54:21,089 INFO contact method is loading done
2021-06-24 16:01:38,087 INFO home method is loading
2021-06-24 16:01:38,087 INFO home method is loading done
2021-06-25 21:14:42,807 INFO home method is loading
2021-06-25 21:14:42,823 INFO home method is loading done
